<?xml version="1.0" encoding="UTF-8" ?>
<testsuite failures="0" time="0.528" errors="4" skipped="0" tests="4" name="org.ntnunotif.wsnu.base.net.ApplicationServerTest">
  <properties>
[...]
</properties>
  <testcase time="0.464" classname="org.ntnunotif.wsnu.base.net.ApplicationServerTest" name="testSendingSoap">
    <error message="Base\testres\server_test_soap.xml (Systemet finner ikke angitt bane)" type="java.io.FileNotFoundException">java.io.FileNotFoundException: Base\testres\server_test_soap.xml (Systemet finner ikke angitt bane)
	at java.io.FileInputStream.open(Native Method)
	at java.io.FileInputStream.&lt;init&gt;(FileInputStream.java:146)
	at java.io.FileInputStream.&lt;init&gt;(FileInputStream.java:101)
	at org.ntnunotif.wsnu.base.net.ApplicationServerTest.testSendingSoap(ApplicationServerTest.java:90)
	at sun.reflect.NativeMethodAccessorImpl.invoke0(Native Method)
	at sun.reflect.NativeMethodAccessorImpl.invoke(NativeMethodAccessorImpl.java:57)
	at sun.reflect.DelegatingMethodAccessorImpl.invoke(DelegatingMethodAccessorImpl.java:43)
	at java.lang.reflect.Method.invoke(Method.java:606)
	at junit.framework.TestCase.runTest(TestCase.java:176)
	at junit.framework.TestCase.runBare(TestCase.java:141)
	at junit.framework.TestResult$1.protect(TestResult.java:122)
	at junit.framework.TestResult.runProtected(TestResult.java:142)
	at junit.framework.TestResult.run(TestResult.java:125)
	at junit.framework.TestCase.run(TestCase.java:129)
	at junit.framework.TestSuite.runTest(TestSuite.java:255)
	at junit.framework.TestSuite.run(TestSuite.java:250)
	at org.junit.internal.runners.JUnit38ClassRunner.run(JUnit38ClassRunner.java:84)
	at org.apache.maven.surefire.junit4.JUnit4Provider.execute(JUnit4Provider.java:252)
	at org.apache.maven.surefire.junit4.JUnit4Provider.executeTestSet(JUnit4Provider.java:141)
	at org.apache.maven.surefire.junit4.JUnit4Provider.invoke(JUnit4Provider.java:112)
	at sun.reflect.NativeMethodAccessorImpl.invoke0(Native Method)
	at sun.reflect.NativeMethodAccessorImpl.invoke(NativeMethodAccessorImpl.java:57)
	at sun.reflect.DelegatingMethodAccessorImpl.invoke(DelegatingMethodAccessorImpl.java:43)
	at java.lang.reflect.Method.invoke(Method.java:606)
	at org.apache.maven.surefire.util.ReflectionUtils.invokeMethodWithArray(ReflectionUtils.java:189)
	at org.apache.maven.surefire.booter.ProviderFactory$ProviderProxy.invoke(ProviderFactory.java:165)
	at org.apache.maven.surefire.booter.ProviderFactory.invokeProvider(ProviderFactory.java:85)
	at org.apache.maven.surefire.booter.ForkedBooter.runSuitesInProcess(ForkedBooter.java:115)
	at org.apache.maven.surefire.booter.ForkedBooter.main(ForkedBooter.java:75)
</error>
    <system-err>2014-04-07 13:12:29.400:INFO:oejs.Server:Thread-8: jetty-9.1.2.v20140210
2014-04-07 13:12:29.418:INFO:oejs.ServerConnector:Thread-8: Started ServerConnector@46157e43{HTTP/1.1}{0.0.0.0:8080}
2014-04-07 13:12:29.693:INFO:oejs.ServerConnector:main: Stopped ServerConnector@46157e43{HTTP/1.1}{0.0.0.0:8080}
</system-err>
  </testcase>
  <testcase time="0.024" classname="org.ntnunotif.wsnu.base.net.ApplicationServerTest" name="testSimpleServer">
    <error message="Base\testres\server_test_html_content.html (Systemet finner ikke angitt bane)" type="java.io.FileNotFoundException">java.io.FileNotFoundException: Base\testres\server_test_html_content.html (Systemet finner ikke angitt bane)
	at java.io.FileInputStream.open(Native Method)
	at java.io.FileInputStream.&lt;init&gt;(FileInputStream.java:146)
	at java.io.FileInputStream.&lt;init&gt;(FileInputStream.java:101)
	at org.ntnunotif.wsnu.base.net.ApplicationServerTest.testSimpleServer(ApplicationServerTest.java:50)
	at sun.reflect.NativeMethodAccessorImpl.invoke0(Native Method)
	at sun.reflect.NativeMethodAccessorImpl.invoke(NativeMethodAccessorImpl.java:57)
	at sun.reflect.DelegatingMethodAccessorImpl.invoke(DelegatingMethodAccessorImpl.java:43)
	at java.lang.reflect.Method.invoke(Method.java:606)
	at junit.framework.TestCase.runTest(TestCase.java:176)
	at junit.framework.TestCase.runBare(TestCase.java:141)
	at junit.framework.TestResult$1.protect(TestResult.java:122)
	at junit.framework.TestResult.runProtected(TestResult.java:142)
	at junit.framework.TestResult.run(TestResult.java:125)
	at junit.framework.TestCase.run(TestCase.java:129)
	at junit.framework.TestSuite.runTest(TestSuite.java:255)
	at junit.framework.TestSuite.run(TestSuite.java:250)
	at org.junit.internal.runners.JUnit38ClassRunner.run(JUnit38ClassRunner.java:84)
	at org.apache.maven.surefire.junit4.JUnit4Provider.execute(JUnit4Provider.java:252)
	at org.apache.maven.surefire.junit4.JUnit4Provider.executeTestSet(JUnit4Provider.java:141)
	at org.apache.maven.surefire.junit4.JUnit4Provider.invoke(JUnit4Provider.java:112)
	at sun.reflect.NativeMethodAccessorImpl.invoke0(Native Method)
	at sun.reflect.NativeMethodAccessorImpl.invoke(NativeMethodAccessorImpl.java:57)
	at sun.reflect.DelegatingMethodAccessorImpl.invoke(DelegatingMethodAccessorImpl.java:43)
	at java.lang.reflect.Method.invoke(Method.java:606)
	at org.apache.maven.surefire.util.ReflectionUtils.invokeMethodWithArray(ReflectionUtils.java:189)
	at org.apache.maven.surefire.booter.ProviderFactory$ProviderProxy.invoke(ProviderFactory.java:165)
	at org.apache.maven.surefire.booter.ProviderFactory.invokeProvider(ProviderFactory.java:85)
	at org.apache.maven.surefire.booter.ForkedBooter.runSuitesInProcess(ForkedBooter.java:115)
	at org.apache.maven.surefire.booter.ForkedBooter.main(ForkedBooter.java:75)
</error>
    <system-err>2014-04-07 13:12:29.703:INFO:oejs.Server:Thread-37: jetty-9.1.2.v20140210
2014-04-07 13:12:29.710:INFO:oejs.ServerConnector:Thread-37: Started ServerConnector@46157e43{HTTP/1.1}{0.0.0.0:8080}
2014-04-07 13:12:29.722:INFO:oejs.ServerConnector:main: Stopped ServerConnector@46157e43{HTTP/1.1}{0.0.0.0:8080}
</system-err>
  </testcase>
  <testcase time="0.02" classname="org.ntnunotif.wsnu.base.net.ApplicationServerTest" name="testSendingXML">
    <error message="Base\testres\server_test_xml.xml (Systemet finner ikke angitt bane)" type="java.io.FileNotFoundException">java.io.FileNotFoundException: Base\testres\server_test_xml.xml (Systemet finner ikke angitt bane)
	at java.io.FileInputStream.open(Native Method)
	at java.io.FileInputStream.&lt;init&gt;(FileInputStream.java:146)
	at java.io.FileInputStream.&lt;init&gt;(FileInputStream.java:101)
	at org.ntnunotif.wsnu.base.net.ApplicationServerTest.testSendingXML(ApplicationServerTest.java:71)
	at sun.reflect.NativeMethodAccessorImpl.invoke0(Native Method)
	at sun.reflect.NativeMethodAccessorImpl.invoke(NativeMethodAccessorImpl.java:57)
	at sun.reflect.DelegatingMethodAccessorImpl.invoke(DelegatingMethodAccessorImpl.java:43)
	at java.lang.reflect.Method.invoke(Method.java:606)
	at junit.framework.TestCase.runTest(TestCase.java:176)
	at junit.framework.TestCase.runBare(TestCase.java:141)
	at junit.framework.TestResult$1.protect(TestResult.java:122)
	at junit.framework.TestResult.runProtected(TestResult.java:142)
	at junit.framework.TestResult.run(TestResult.java:125)
	at junit.framework.TestCase.run(TestCase.java:129)
	at junit.framework.TestSuite.runTest(TestSuite.java:255)
	at junit.framework.TestSuite.run(TestSuite.java:250)
	at org.junit.internal.runners.JUnit38ClassRunner.run(JUnit38ClassRunner.java:84)
	at org.apache.maven.surefire.junit4.JUnit4Provider.execute(JUnit4Provider.java:252)
	at org.apache.maven.surefire.junit4.JUnit4Provider.executeTestSet(JUnit4Provider.java:141)
	at org.apache.maven.surefire.junit4.JUnit4Provider.invoke(JUnit4Provider.java:112)
	at sun.reflect.NativeMethodAccessorImpl.invoke0(Native Method)
	at sun.reflect.NativeMethodAccessorImpl.invoke(NativeMethodAccessorImpl.java:57)
	at sun.reflect.DelegatingMethodAccessorImpl.invoke(DelegatingMethodAccessorImpl.java:43)
	at java.lang.reflect.Method.invoke(Method.java:606)
	at org.apache.maven.surefire.util.ReflectionUtils.invokeMethodWithArray(ReflectionUtils.java:189)
	at org.apache.maven.surefire.booter.ProviderFactory$ProviderProxy.invoke(ProviderFactory.java:165)
	at org.apache.maven.surefire.booter.ProviderFactory.invokeProvider(ProviderFactory.java:85)
	at org.apache.maven.surefire.booter.ForkedBooter.runSuitesInProcess(ForkedBooter.java:115)
	at org.apache.maven.surefire.booter.ForkedBooter.main(ForkedBooter.java:75)
</error>
    <system-err>2014-04-07 13:12:29.728:INFO:oejs.Server:Thread-72: jetty-9.1.2.v20140210
2014-04-07 13:12:29.736:INFO:oejs.ServerConnector:Thread-72: Started ServerConnector@46157e43{HTTP/1.1}{0.0.0.0:8080}
2014-04-07 13:12:29.743:INFO:oejs.ServerConnector:main: Stopped ServerConnector@46157e43{HTTP/1.1}{0.0.0.0:8080}
</system-err>
  </testcase>
  <testcase time="0.02" classname="org.ntnunotif.wsnu.base.net.ApplicationServerTest" name="testSubscribe">
    <error message="Base\testres\server_test_subscribe.xml (Systemet finner ikke angitt bane)" type="java.io.FileNotFoundException">java.io.FileNotFoundException: Base\testres\server_test_subscribe.xml (Systemet finner ikke angitt bane)
	at java.io.FileInputStream.open(Native Method)
	at java.io.FileInputStream.&lt;init&gt;(FileInputStream.java:146)
	at java.io.FileInputStream.&lt;init&gt;(FileInputStream.java:101)
	at org.ntnunotif.wsnu.base.net.ApplicationServerTest.testSubscribe(ApplicationServerTest.java:119)
	at sun.reflect.NativeMethodAccessorImpl.invoke0(Native Method)
	at sun.reflect.NativeMethodAccessorImpl.invoke(NativeMethodAccessorImpl.java:57)
	at sun.reflect.DelegatingMethodAccessorImpl.invoke(DelegatingMethodAccessorImpl.java:43)
	at java.lang.reflect.Method.invoke(Method.java:606)
	at junit.framework.TestCase.runTest(TestCase.java:176)
	at junit.framework.TestCase.runBare(TestCase.java:141)
	at junit.framework.TestResult$1.protect(TestResult.java:122)
	at junit.framework.TestResult.runProtected(TestResult.java:142)
	at junit.framework.TestResult.run(TestResult.java:125)
	at junit.framework.TestCase.run(TestCase.java:129)
	at junit.framework.TestSuite.runTest(TestSuite.java:255)
	at junit.framework.TestSuite.run(TestSuite.java:250)
	at org.junit.internal.runners.JUnit38ClassRunner.run(JUnit38ClassRunner.java:84)
	at org.apache.maven.surefire.junit4.JUnit4Provider.execute(JUnit4Provider.java:252)
	at org.apache.maven.surefire.junit4.JUnit4Provider.executeTestSet(JUnit4Provider.java:141)
	at org.apache.maven.surefire.junit4.JUnit4Provider.invoke(JUnit4Provider.java:112)
	at sun.reflect.NativeMethodAccessorImpl.invoke0(Native Method)
	at sun.reflect.NativeMethodAccessorImpl.invoke(NativeMethodAccessorImpl.java:57)
	at sun.reflect.DelegatingMethodAccessorImpl.invoke(DelegatingMethodAccessorImpl.java:43)
	at java.lang.reflect.Method.invoke(Method.java:606)
	at org.apache.maven.surefire.util.ReflectionUtils.invokeMethodWithArray(ReflectionUtils.java:189)
	at org.apache.maven.surefire.booter.ProviderFactory$ProviderProxy.invoke(ProviderFactory.java:165)
	at org.apache.maven.surefire.booter.ProviderFactory.invokeProvider(ProviderFactory.java:85)
	at org.apache.maven.surefire.booter.ForkedBooter.runSuitesInProcess(ForkedBooter.java:115)
	at org.apache.maven.surefire.booter.ForkedBooter.main(ForkedBooter.java:75)
</error>
    <system-err>2014-04-07 13:12:29.747:INFO:oejs.Server:Thread-101: jetty-9.1.2.v20140210
2014-04-07 13:12:29.753:INFO:oejs.ServerConnector:Thread-101: Started ServerConnector@46157e43{HTTP/1.1}{0.0.0.0:8080}
2014-04-07 13:12:29.762:INFO:oejs.ServerConnector:main: Stopped ServerConnector@46157e43{HTTP/1.1}{0.0.0.0:8080}
</system-err>
  </testcase>
</testsuite>